<?xml version="1.0" encoding="UTF-8"?>
<testng-results ignored="0" total="19" passed="18" failed="1" skipped="0">
  <reporter-output>
  </reporter-output>
  <suite started-at="2023-11-28T14:09:08 EST" name="TN Suite" finished-at="2023-11-28T14:12:10 EST" duration-ms="181815">
    <groups>
    </groups>
    <test started-at="2023-11-28T14:09:08 EST" name="TN Test" finished-at="2023-11-28T14:12:10 EST" duration-ms="181815">
      <class name="com.tutorialsninja.qa.TestCases.SearchProductTest">
        <test-method is-config="true" signature="searchProductSetup()[pri:0, instance:com.tutorialsninja.qa.TestCases.SearchProductTest@7b36aa0c]" started-at="2023-11-28T14:10:52 EST" name="searchProductSetup" finished-at="2023-11-28T14:10:56 EST" duration-ms="4488" status="PASS">
          <reporter-output>
          </reporter-output>
        </test-method> <!-- searchProductSetup -->
        <test-method signature="verifySearchWithValidProduct()[pri:1, instance:com.tutorialsninja.qa.TestCases.SearchProductTest@7b36aa0c]" started-at="2023-11-28T14:10:56 EST" name="verifySearchWithValidProduct" finished-at="2023-11-28T14:10:57 EST" duration-ms="656" status="FAIL">
          <exception class="java.lang.AssertionError">
            <message>
              <![CDATA[expected [false] but found [true]]]>
            </message>
            <full-stacktrace>
              <![CDATA[java.lang.AssertionError: expected [false] but found [true]
at org.testng.Assert.fail(Assert.java:111)
at org.testng.Assert.failNotEquals(Assert.java:1578)
at org.testng.Assert.assertFalse(Assert.java:79)
at org.testng.Assert.assertFalse(Assert.java:89)
at com.tutorialsninja.qa.TestCases.SearchProductTest.verifySearchWithValidProduct(SearchProductTest.java:33)
at java.base/jdk.internal.reflect.NativeMethodAccessorImpl.invoke0(Native Method)
at java.base/jdk.internal.reflect.NativeMethodAccessorImpl.invoke(NativeMethodAccessorImpl.java:77)
at java.base/jdk.internal.reflect.DelegatingMethodAccessorImpl.invoke(DelegatingMethodAccessorImpl.java:43)
at java.base/java.lang.reflect.Method.invoke(Method.java:568)
at org.testng.internal.invokers.MethodInvocationHelper.invokeMethod(MethodInvocationHelper.java:139)
at org.testng.internal.invokers.TestInvoker.invokeMethod(TestInvoker.java:664)
at org.testng.internal.invokers.TestInvoker.invokeTestMethod(TestInvoker.java:227)
at org.testng.internal.invokers.MethodRunner.runInSequence(MethodRunner.java:50)
at org.testng.internal.invokers.TestInvoker$MethodInvocationAgent.invoke(TestInvoker.java:957)
at org.testng.internal.invokers.TestInvoker.invokeTestMethods(TestInvoker.java:200)
at org.testng.internal.invokers.TestMethodWorker.invokeTestMethods(TestMethodWorker.java:148)
at org.testng.internal.invokers.TestMethodWorker.run(TestMethodWorker.java:128)
at java.base/java.util.ArrayList.forEach(ArrayList.java:1511)
at org.testng.TestRunner.privateRun(TestRunner.java:848)
at org.testng.TestRunner.run(TestRunner.java:621)
at org.testng.SuiteRunner.runTest(SuiteRunner.java:443)
at org.testng.SuiteRunner.runSequentially(SuiteRunner.java:437)
at org.testng.SuiteRunner.privateRun(SuiteRunner.java:397)
at org.testng.SuiteRunner.run(SuiteRunner.java:336)
at org.testng.SuiteRunnerWorker.runSuite(SuiteRunnerWorker.java:52)
at org.testng.SuiteRunnerWorker.run(SuiteRunnerWorker.java:95)
at org.testng.TestNG.runSuitesSequentially(TestNG.java:1280)
at org.testng.TestNG.runSuitesLocally(TestNG.java:1200)
at org.testng.TestNG.runSuites(TestNG.java:1114)
at org.testng.TestNG.run(TestNG.java:1082)
at org.apache.maven.surefire.testng.TestNGExecutor.run(TestNGExecutor.java:308)
at org.apache.maven.surefire.testng.TestNGXmlTestSuite.execute(TestNGXmlTestSuite.java:71)
at org.apache.maven.surefire.testng.TestNGProvider.invoke(TestNGProvider.java:113)
at org.apache.maven.surefire.booter.ForkedBooter.runSuitesInProcess(ForkedBooter.java:385)
at org.apache.maven.surefire.booter.ForkedBooter.execute(ForkedBooter.java:162)
at org.apache.maven.surefire.booter.ForkedBooter.run(ForkedBooter.java:507)
at org.apache.maven.surefire.booter.ForkedBooter.main(ForkedBooter.java:495)
]]>
            </full-stacktrace>
          </exception> <!-- java.lang.AssertionError -->
          <reporter-output>
          </reporter-output>
        </test-method> <!-- verifySearchWithValidProduct -->
        <test-method is-config="true" signature="tearDown()[pri:0, instance:com.tutorialsninja.qa.TestCases.SearchProductTest@7b36aa0c]" started-at="2023-11-28T14:10:57 EST" name="tearDown" finished-at="2023-11-28T14:10:58 EST" duration-ms="218" status="PASS">
          <reporter-output>
          </reporter-output>
        </test-method> <!-- tearDown -->
        <test-method is-config="true" signature="searchProductSetup()[pri:0, instance:com.tutorialsninja.qa.TestCases.SearchProductTest@7b36aa0c]" started-at="2023-11-28T14:10:58 EST" name="searchProductSetup" finished-at="2023-11-28T14:11:02 EST" duration-ms="4693" status="PASS">
          <reporter-output>
          </reporter-output>
        </test-method> <!-- searchProductSetup -->
        <test-method signature="VerifySearchWithInvalidProduct()[pri:2, instance:com.tutorialsninja.qa.TestCases.SearchProductTest@7b36aa0c]" started-at="2023-11-28T14:11:02 EST" name="VerifySearchWithInvalidProduct" finished-at="2023-11-28T14:11:03 EST" duration-ms="618" status="PASS">
          <reporter-output>
          </reporter-output>
        </test-method> <!-- VerifySearchWithInvalidProduct -->
        <test-method is-config="true" signature="tearDown()[pri:0, instance:com.tutorialsninja.qa.TestCases.SearchProductTest@7b36aa0c]" started-at="2023-11-28T14:11:03 EST" name="tearDown" finished-at="2023-11-28T14:11:03 EST" duration-ms="143" status="PASS">
          <reporter-output>
          </reporter-output>
        </test-method> <!-- tearDown -->
        <test-method is-config="true" signature="searchProductSetup()[pri:0, instance:com.tutorialsninja.qa.TestCases.SearchProductTest@7b36aa0c]" started-at="2023-11-28T14:11:03 EST" name="searchProductSetup" finished-at="2023-11-28T14:11:08 EST" duration-ms="4556" status="PASS">
          <reporter-output>
          </reporter-output>
        </test-method> <!-- searchProductSetup -->
        <test-method signature="verifySearchWithNoProduct()[pri:3, instance:com.tutorialsninja.qa.TestCases.SearchProductTest@7b36aa0c]" started-at="2023-11-28T14:11:08 EST" name="verifySearchWithNoProduct" finished-at="2023-11-28T14:11:08 EST" duration-ms="588" status="PASS">
          <reporter-output>
          </reporter-output>
        </test-method> <!-- verifySearchWithNoProduct -->
        <test-method is-config="true" signature="tearDown()[pri:0, instance:com.tutorialsninja.qa.TestCases.SearchProductTest@7b36aa0c]" started-at="2023-11-28T14:11:08 EST" name="tearDown" finished-at="2023-11-28T14:11:08 EST" duration-ms="123" status="PASS">
          <reporter-output>
          </reporter-output>
        </test-method> <!-- tearDown -->
      </class> <!-- com.tutorialsninja.qa.TestCases.SearchProductTest -->
      <class name="com.tutorialsninja.qa.TestCases.AddToCartTest">
        <test-method is-config="true" signature="setUp()[pri:0, instance:com.tutorialsninja.qa.TestCases.AddToCartTest@5824a83d]" started-at="2023-11-28T14:11:08 EST" name="setUp" finished-at="2023-11-28T14:11:13 EST" duration-ms="4225" status="PASS">
          <reporter-output>
          </reporter-output>
        </test-method> <!-- setUp -->
        <test-method signature="checkingOutValidProduct()[pri:0, instance:com.tutorialsninja.qa.TestCases.AddToCartTest@5824a83d]" started-at="2023-11-28T14:11:13 EST" name="checkingOutValidProduct" finished-at="2023-11-28T14:12:10 EST" duration-ms="57059" status="PASS">
          <reporter-output>
          </reporter-output>
        </test-method> <!-- checkingOutValidProduct -->
        <test-method is-config="true" signature="tearDown()[pri:0, instance:com.tutorialsninja.qa.TestCases.AddToCartTest@5824a83d]" started-at="2023-11-28T14:12:10 EST" name="tearDown" finished-at="2023-11-28T14:12:10 EST" duration-ms="194" status="PASS">
          <reporter-output>
          </reporter-output>
        </test-method> <!-- tearDown -->
      </class> <!-- com.tutorialsninja.qa.TestCases.AddToCartTest -->
      <class name="com.tutorialsninja.qa.TestCases.LoginTest">
        <test-method is-config="true" signature="setUp()[pri:0, instance:com.tutorialsninja.qa.TestCases.LoginTest@25641d39]" started-at="2023-11-28T14:09:42 EST" name="setUp" finished-at="2023-11-28T14:09:47 EST" duration-ms="4885" status="PASS">
          <reporter-output>
          </reporter-output>
        </test-method> <!-- setUp -->
        <test-method signature="verifyLoginWithValidCredentials(java.lang.String,java.lang.String)[pri:1, instance:com.tutorialsninja.qa.TestCases.LoginTest@25641d39]" started-at="2023-11-28T14:09:47 EST" name="verifyLoginWithValidCredentials" data-provider="TNLogin" finished-at="2023-11-28T14:09:48 EST" duration-ms="1021" status="PASS">
          <params>
            <param index="0">
              <value>
                <![CDATA[seleniumpanda@gmail.com]]>
              </value>
            </param>
            <param index="1">
              <value>
                <![CDATA[Selenium@123]]>
              </value>
            </param>
          </params>
          <reporter-output>
          </reporter-output>
        </test-method> <!-- verifyLoginWithValidCredentials -->
        <test-method is-config="true" signature="tearDown()[pri:0, instance:com.tutorialsninja.qa.TestCases.LoginTest@25641d39]" started-at="2023-11-28T14:09:48 EST" name="tearDown" finished-at="2023-11-28T14:09:48 EST" duration-ms="142" status="PASS">
          <reporter-output>
          </reporter-output>
        </test-method> <!-- tearDown -->
        <test-method is-config="true" signature="setUp()[pri:0, instance:com.tutorialsninja.qa.TestCases.LoginTest@25641d39]" started-at="2023-11-28T14:09:48 EST" name="setUp" finished-at="2023-11-28T14:09:53 EST" duration-ms="4945" status="PASS">
          <reporter-output>
          </reporter-output>
        </test-method> <!-- setUp -->
        <test-method signature="verifyLoginWithValidCredentials(java.lang.String,java.lang.String)[pri:1, instance:com.tutorialsninja.qa.TestCases.LoginTest@25641d39]" started-at="2023-11-28T14:09:53 EST" name="verifyLoginWithValidCredentials" data-provider="TNLogin" finished-at="2023-11-28T14:09:54 EST" duration-ms="1004" status="PASS">
          <params>
            <param index="0">
              <value>
                <![CDATA[seleniumpanda1@gmail.com]]>
              </value>
            </param>
            <param index="1">
              <value>
                <![CDATA[Selenium@123]]>
              </value>
            </param>
          </params>
          <reporter-output>
          </reporter-output>
        </test-method> <!-- verifyLoginWithValidCredentials -->
        <test-method is-config="true" signature="tearDown()[pri:0, instance:com.tutorialsninja.qa.TestCases.LoginTest@25641d39]" started-at="2023-11-28T14:09:54 EST" name="tearDown" finished-at="2023-11-28T14:09:54 EST" duration-ms="167" status="PASS">
          <reporter-output>
          </reporter-output>
        </test-method> <!-- tearDown -->
        <test-method is-config="true" signature="setUp()[pri:0, instance:com.tutorialsninja.qa.TestCases.LoginTest@25641d39]" started-at="2023-11-28T14:09:54 EST" name="setUp" finished-at="2023-11-28T14:09:59 EST" duration-ms="5119" status="PASS">
          <reporter-output>
          </reporter-output>
        </test-method> <!-- setUp -->
        <test-method signature="verifyLoginWithValidCredentials(java.lang.String,java.lang.String)[pri:1, instance:com.tutorialsninja.qa.TestCases.LoginTest@25641d39]" started-at="2023-11-28T14:09:59 EST" name="verifyLoginWithValidCredentials" data-provider="TNLogin" finished-at="2023-11-28T14:10:00 EST" duration-ms="992" status="PASS">
          <params>
            <param index="0">
              <value>
                <![CDATA[seleniumpanda2@gmail.com]]>
              </value>
            </param>
            <param index="1">
              <value>
                <![CDATA[Selenium@123]]>
              </value>
            </param>
          </params>
          <reporter-output>
          </reporter-output>
        </test-method> <!-- verifyLoginWithValidCredentials -->
        <test-method is-config="true" signature="tearDown()[pri:0, instance:com.tutorialsninja.qa.TestCases.LoginTest@25641d39]" started-at="2023-11-28T14:10:00 EST" name="tearDown" finished-at="2023-11-28T14:10:01 EST" duration-ms="150" status="PASS">
          <reporter-output>
          </reporter-output>
        </test-method> <!-- tearDown -->
        <test-method is-config="true" signature="setUp()[pri:0, instance:com.tutorialsninja.qa.TestCases.LoginTest@25641d39]" started-at="2023-11-28T14:10:01 EST" name="setUp" finished-at="2023-11-28T14:10:06 EST" duration-ms="5343" status="PASS">
          <reporter-output>
          </reporter-output>
        </test-method> <!-- setUp -->
        <test-method signature="verifyLoginWithValidCredentials(java.lang.String,java.lang.String)[pri:1, instance:com.tutorialsninja.qa.TestCases.LoginTest@25641d39]" started-at="2023-11-28T14:10:06 EST" name="verifyLoginWithValidCredentials" data-provider="TNLogin" finished-at="2023-11-28T14:10:08 EST" duration-ms="1663" status="PASS">
          <params>
            <param index="0">
              <value>
                <![CDATA[seleniumpanda3@gmail.com]]>
              </value>
            </param>
            <param index="1">
              <value>
                <![CDATA[Selenium@123]]>
              </value>
            </param>
          </params>
          <reporter-output>
          </reporter-output>
        </test-method> <!-- verifyLoginWithValidCredentials -->
        <test-method is-config="true" signature="tearDown()[pri:0, instance:com.tutorialsninja.qa.TestCases.LoginTest@25641d39]" started-at="2023-11-28T14:10:08 EST" name="tearDown" finished-at="2023-11-28T14:10:08 EST" duration-ms="145" status="PASS">
          <reporter-output>
          </reporter-output>
        </test-method> <!-- tearDown -->
        <test-method is-config="true" signature="setUp()[pri:0, instance:com.tutorialsninja.qa.TestCases.LoginTest@25641d39]" started-at="2023-11-28T14:10:08 EST" name="setUp" finished-at="2023-11-28T14:10:14 EST" duration-ms="6090" status="PASS">
          <reporter-output>
          </reporter-output>
        </test-method> <!-- setUp -->
        <test-method signature="verifyLoginWithValidCredentials(java.lang.String,java.lang.String)[pri:1, instance:com.tutorialsninja.qa.TestCases.LoginTest@25641d39]" started-at="2023-11-28T14:10:14 EST" name="verifyLoginWithValidCredentials" data-provider="TNLogin" finished-at="2023-11-28T14:10:15 EST" duration-ms="1181" status="PASS">
          <params>
            <param index="0">
              <value>
                <![CDATA[seleniumpanda4@gmail.com]]>
              </value>
            </param>
            <param index="1">
              <value>
                <![CDATA[Selenium@123]]>
              </value>
            </param>
          </params>
          <reporter-output>
          </reporter-output>
        </test-method> <!-- verifyLoginWithValidCredentials -->
        <test-method is-config="true" signature="tearDown()[pri:0, instance:com.tutorialsninja.qa.TestCases.LoginTest@25641d39]" started-at="2023-11-28T14:10:15 EST" name="tearDown" finished-at="2023-11-28T14:10:15 EST" duration-ms="175" status="PASS">
          <reporter-output>
          </reporter-output>
        </test-method> <!-- tearDown -->
        <test-method is-config="true" signature="setUp()[pri:0, instance:com.tutorialsninja.qa.TestCases.LoginTest@25641d39]" started-at="2023-11-28T14:10:15 EST" name="setUp" finished-at="2023-11-28T14:10:20 EST" duration-ms="4885" status="PASS">
          <reporter-output>
          </reporter-output>
        </test-method> <!-- setUp -->
        <test-method signature="verifyLoginWithValidCredentials(java.lang.String,java.lang.String)[pri:1, instance:com.tutorialsninja.qa.TestCases.LoginTest@25641d39]" started-at="2023-11-28T14:10:20 EST" name="verifyLoginWithValidCredentials" data-provider="TNLogin" finished-at="2023-11-28T14:10:21 EST" duration-ms="1078" status="PASS">
          <params>
            <param index="0">
              <value>
                <![CDATA[seleniumpanda4@gmail.com]]>
              </value>
            </param>
            <param index="1">
              <value>
                <![CDATA[Selenium@123]]>
              </value>
            </param>
          </params>
          <reporter-output>
          </reporter-output>
        </test-method> <!-- verifyLoginWithValidCredentials -->
        <test-method is-config="true" signature="tearDown()[pri:0, instance:com.tutorialsninja.qa.TestCases.LoginTest@25641d39]" started-at="2023-11-28T14:10:21 EST" name="tearDown" finished-at="2023-11-28T14:10:21 EST" duration-ms="161" status="PASS">
          <reporter-output>
          </reporter-output>
        </test-method> <!-- tearDown -->
        <test-method is-config="true" signature="setUp()[pri:0, instance:com.tutorialsninja.qa.TestCases.LoginTest@25641d39]" started-at="2023-11-28T14:10:21 EST" name="setUp" finished-at="2023-11-28T14:10:31 EST" duration-ms="9794" status="PASS">
          <reporter-output>
          </reporter-output>
        </test-method> <!-- setUp -->
        <test-method signature="verifyLoginWithInvalidEmailValidPassword()[pri:2, instance:com.tutorialsninja.qa.TestCases.LoginTest@25641d39]" started-at="2023-11-28T14:10:31 EST" name="verifyLoginWithInvalidEmailValidPassword" finished-at="2023-11-28T14:10:33 EST" duration-ms="1423" status="PASS">
          <reporter-output>
          </reporter-output>
        </test-method> <!-- verifyLoginWithInvalidEmailValidPassword -->
        <test-method is-config="true" signature="tearDown()[pri:0, instance:com.tutorialsninja.qa.TestCases.LoginTest@25641d39]" started-at="2023-11-28T14:10:33 EST" name="tearDown" finished-at="2023-11-28T14:10:33 EST" duration-ms="217" status="PASS">
          <reporter-output>
          </reporter-output>
        </test-method> <!-- tearDown -->
        <test-method is-config="true" signature="setUp()[pri:0, instance:com.tutorialsninja.qa.TestCases.LoginTest@25641d39]" started-at="2023-11-28T14:10:33 EST" name="setUp" finished-at="2023-11-28T14:10:38 EST" duration-ms="5003" status="PASS">
          <reporter-output>
          </reporter-output>
        </test-method> <!-- setUp -->
        <test-method signature="verifyLoginWithValidEmailInvalidPassword()[pri:3, instance:com.tutorialsninja.qa.TestCases.LoginTest@25641d39]" started-at="2023-11-28T14:10:38 EST" name="verifyLoginWithValidEmailInvalidPassword" finished-at="2023-11-28T14:10:39 EST" duration-ms="871" status="PASS">
          <reporter-output>
          </reporter-output>
        </test-method> <!-- verifyLoginWithValidEmailInvalidPassword -->
        <test-method is-config="true" signature="tearDown()[pri:0, instance:com.tutorialsninja.qa.TestCases.LoginTest@25641d39]" started-at="2023-11-28T14:10:39 EST" name="tearDown" finished-at="2023-11-28T14:10:39 EST" duration-ms="173" status="PASS">
          <reporter-output>
          </reporter-output>
        </test-method> <!-- tearDown -->
        <test-method is-config="true" signature="setUp()[pri:0, instance:com.tutorialsninja.qa.TestCases.LoginTest@25641d39]" started-at="2023-11-28T14:10:39 EST" name="setUp" finished-at="2023-11-28T14:10:45 EST" duration-ms="5941" status="PASS">
          <reporter-output>
          </reporter-output>
        </test-method> <!-- setUp -->
        <test-method signature="verifyLoginWithInvalidCredentials()[pri:4, instance:com.tutorialsninja.qa.TestCases.LoginTest@25641d39]" started-at="2023-11-28T14:10:45 EST" name="verifyLoginWithInvalidCredentials" finished-at="2023-11-28T14:10:46 EST" duration-ms="795" status="PASS">
          <reporter-output>
          </reporter-output>
        </test-method> <!-- verifyLoginWithInvalidCredentials -->
        <test-method is-config="true" signature="tearDown()[pri:0, instance:com.tutorialsninja.qa.TestCases.LoginTest@25641d39]" started-at="2023-11-28T14:10:46 EST" name="tearDown" finished-at="2023-11-28T14:10:46 EST" duration-ms="198" status="PASS">
          <reporter-output>
          </reporter-output>
        </test-method> <!-- tearDown -->
        <test-method is-config="true" signature="setUp()[pri:0, instance:com.tutorialsninja.qa.TestCases.LoginTest@25641d39]" started-at="2023-11-28T14:10:46 EST" name="setUp" finished-at="2023-11-28T14:10:51 EST" duration-ms="5162" status="PASS">
          <reporter-output>
          </reporter-output>
        </test-method> <!-- setUp -->
        <test-method signature="verifyLoginWithNoCredentials()[pri:5, instance:com.tutorialsninja.qa.TestCases.LoginTest@25641d39]" started-at="2023-11-28T14:10:51 EST" name="verifyLoginWithNoCredentials" finished-at="2023-11-28T14:10:52 EST" duration-ms="679" status="PASS">
          <reporter-output>
          </reporter-output>
        </test-method> <!-- verifyLoginWithNoCredentials -->
        <test-method is-config="true" signature="tearDown()[pri:0, instance:com.tutorialsninja.qa.TestCases.LoginTest@25641d39]" started-at="2023-11-28T14:10:52 EST" name="tearDown" finished-at="2023-11-28T14:10:52 EST" duration-ms="175" status="PASS">
          <reporter-output>
          </reporter-output>
        </test-method> <!-- tearDown -->
      </class> <!-- com.tutorialsninja.qa.TestCases.LoginTest -->
      <class name="com.tutorialsninja.qa.TestCases.RegisterTest">
        <test-method is-config="true" signature="setUp()[pri:0, instance:com.tutorialsninja.qa.TestCases.RegisterTest@27462a88]" started-at="2023-11-28T14:09:08 EST" name="setUp" finished-at="2023-11-28T14:09:15 EST" duration-ms="6269" status="PASS">
          <reporter-output>
          </reporter-output>
        </test-method> <!-- setUp -->
        <test-method signature="verifyRegisterWisthMandatoryFields()[pri:1, instance:com.tutorialsninja.qa.TestCases.RegisterTest@27462a88]" started-at="2023-11-28T14:09:15 EST" name="verifyRegisterWisthMandatoryFields" finished-at="2023-11-28T14:09:16 EST" duration-ms="1771" status="PASS">
          <reporter-output>
          </reporter-output>
        </test-method> <!-- verifyRegisterWisthMandatoryFields -->
        <test-method is-config="true" signature="tearDown()[pri:0, instance:com.tutorialsninja.qa.TestCases.RegisterTest@27462a88]" started-at="2023-11-28T14:09:16 EST" name="tearDown" finished-at="2023-11-28T14:09:17 EST" duration-ms="159" status="PASS">
          <reporter-output>
          </reporter-output>
        </test-method> <!-- tearDown -->
        <test-method is-config="true" signature="setUp()[pri:0, instance:com.tutorialsninja.qa.TestCases.RegisterTest@27462a88]" started-at="2023-11-28T14:09:17 EST" name="setUp" finished-at="2023-11-28T14:09:22 EST" duration-ms="5061" status="PASS">
          <reporter-output>
          </reporter-output>
        </test-method> <!-- setUp -->
        <test-method signature="verifyRegisterWithAllFields()[pri:2, instance:com.tutorialsninja.qa.TestCases.RegisterTest@27462a88]" started-at="2023-11-28T14:09:22 EST" name="verifyRegisterWithAllFields" finished-at="2023-11-28T14:09:23 EST" duration-ms="1907" status="PASS">
          <reporter-output>
          </reporter-output>
        </test-method> <!-- verifyRegisterWithAllFields -->
        <test-method is-config="true" signature="tearDown()[pri:0, instance:com.tutorialsninja.qa.TestCases.RegisterTest@27462a88]" started-at="2023-11-28T14:09:23 EST" name="tearDown" finished-at="2023-11-28T14:09:24 EST" duration-ms="95" status="PASS">
          <reporter-output>
          </reporter-output>
        </test-method> <!-- tearDown -->
        <test-method is-config="true" signature="setUp()[pri:0, instance:com.tutorialsninja.qa.TestCases.RegisterTest@27462a88]" started-at="2023-11-28T14:09:24 EST" name="setUp" finished-at="2023-11-28T14:09:28 EST" duration-ms="4520" status="PASS">
          <reporter-output>
          </reporter-output>
        </test-method> <!-- setUp -->
        <test-method signature="verifyRegisterWithExistingEmail()[pri:3, instance:com.tutorialsninja.qa.TestCases.RegisterTest@27462a88]" started-at="2023-11-28T14:09:28 EST" name="verifyRegisterWithExistingEmail" finished-at="2023-11-28T14:09:29 EST" duration-ms="823" status="PASS">
          <reporter-output>
          </reporter-output>
        </test-method> <!-- verifyRegisterWithExistingEmail -->
        <test-method is-config="true" signature="tearDown()[pri:0, instance:com.tutorialsninja.qa.TestCases.RegisterTest@27462a88]" started-at="2023-11-28T14:09:29 EST" name="tearDown" finished-at="2023-11-28T14:09:29 EST" duration-ms="121" status="PASS">
          <reporter-output>
          </reporter-output>
        </test-method> <!-- tearDown -->
        <test-method is-config="true" signature="setUp()[pri:0, instance:com.tutorialsninja.qa.TestCases.RegisterTest@27462a88]" started-at="2023-11-28T14:09:29 EST" name="setUp" finished-at="2023-11-28T14:09:34 EST" duration-ms="4564" status="PASS">
          <reporter-output>
          </reporter-output>
        </test-method> <!-- setUp -->
        <test-method signature="verifyingRegisterWithMismatchPassword()[pri:4, instance:com.tutorialsninja.qa.TestCases.RegisterTest@27462a88]" started-at="2023-11-28T14:09:34 EST" name="verifyingRegisterWithMismatchPassword" finished-at="2023-11-28T14:09:35 EST" duration-ms="1320" status="PASS">
          <reporter-output>
          </reporter-output>
        </test-method> <!-- verifyingRegisterWithMismatchPassword -->
        <test-method is-config="true" signature="tearDown()[pri:0, instance:com.tutorialsninja.qa.TestCases.RegisterTest@27462a88]" started-at="2023-11-28T14:09:35 EST" name="tearDown" finished-at="2023-11-28T14:09:35 EST" duration-ms="191" status="PASS">
          <reporter-output>
          </reporter-output>
        </test-method> <!-- tearDown -->
        <test-method is-config="true" signature="setUp()[pri:0, instance:com.tutorialsninja.qa.TestCases.RegisterTest@27462a88]" started-at="2023-11-28T14:09:35 EST" name="setUp" finished-at="2023-11-28T14:09:40 EST" duration-ms="5021" status="PASS">
          <reporter-output>
          </reporter-output>
        </test-method> <!-- setUp -->
        <test-method signature="verifyRegisterWithNoFields()[pri:5, instance:com.tutorialsninja.qa.TestCases.RegisterTest@27462a88]" started-at="2023-11-28T14:09:40 EST" name="verifyRegisterWithNoFields" finished-at="2023-11-28T14:09:41 EST" duration-ms="718" status="PASS">
          <reporter-output>
          </reporter-output>
        </test-method> <!-- verifyRegisterWithNoFields -->
        <test-method is-config="true" signature="tearDown()[pri:0, instance:com.tutorialsninja.qa.TestCases.RegisterTest@27462a88]" started-at="2023-11-28T14:09:41 EST" name="tearDown" finished-at="2023-11-28T14:09:41 EST" duration-ms="152" status="PASS">
          <reporter-output>
          </reporter-output>
        </test-method> <!-- tearDown -->
      </class> <!-- com.tutorialsninja.qa.TestCases.RegisterTest -->
    </test> <!-- TN Test -->
  </suite> <!-- TN Suite -->
</testng-results>
